<?xml version="1.0" encoding="UTF-8"?>
<!-- Generated by org.testng.reporters.JUnitXMLReporter -->
<testsuite hostname="DESKTOP-0VB4MT4" ignored="0" name="Test" tests="7" failures="1" timestamp="2020-01-30T18:10:56 IST" time="1358.553" errors="0">
  <testcase name="caLogin" time="300.052" classname="com.kh.IRA.CMS_QuestionBank.TC1_CMS_Login">
    <skipped/>
  </testcase> <!-- caLogin -->
  <testcase name="caLogin" time="7.869" classname="com.kh.IRA.CMS_QuestionBank.TC1_CMS_Login"/>
  <testcase name="QuestionBank" time="3.547" classname="com.kh.IRA.CMS_QuestionBank.TC2_Navigation_QuestionBank"/>
  <testcase name="newMCQ" time="954.933" classname="com.kh.IRA.CMS_QuestionBank.TC3_CreateMCQ">
    <skipped/>
  </testcase> <!-- newMCQ -->
  <testcase name="newMCQ" time="31.362" classname="com.kh.IRA.CMS_QuestionBank.TC3_CreateMCQ">
    <skipped/>
  </testcase> <!-- newMCQ -->
  <testcase name="newMCQ" time="30.055" classname="com.kh.IRA.CMS_QuestionBank.TC3_CreateMCQ">
    <skipped/>
  </testcase> <!-- newMCQ -->
  <testcase name="newMCQ" time="30.034" classname="com.kh.IRA.CMS_QuestionBank.TC3_CreateMCQ">
    <failure type="org.openqa.selenium.NoSuchElementException" message="no such element: Unable to locate element: {&amp;quot;method&amp;quot;:&amp;quot;xpath&amp;quot;,&amp;quot;selector&amp;quot;:&amp;quot;//span[contains(text(),&amp;apos;Create question&amp;apos;)]&amp;quot;}
  (Session info: chrome=79.0.3945.130)
For documentation on this error, please visit: https://www.seleniumhq.org/exceptions/no_such_element.html
Build info: version: &amp;apos;3.141.59&amp;apos;, revision: &amp;apos;e82be7d358&amp;apos;, time: &amp;apos;2018-11-14T08:17:03&amp;apos;
System info: host: &amp;apos;DESKTOP-0VB4MT4&amp;apos;, ip: &amp;apos;10.11.2.212&amp;apos;, os.name: &amp;apos;Windows 10&amp;apos;, os.arch: &amp;apos;amd64&amp;apos;, os.version: &amp;apos;10.0&amp;apos;, java.version: &amp;apos;1.8.0_231&amp;apos;
Driver info: org.openqa.selenium.chrome.ChromeDriver
Capabilities {acceptInsecureCerts: false, browserName: chrome, browserVersion: 79.0.3945.130, chrome: {chromedriverVersion: 79.0.3945.36 (3582db32b3389..., userDataDir: C:\Users\ADITYA~1\AppData\L...}, goog:chromeOptions: {debuggerAddress: localhost:64895}, javascriptEnabled: true, networkConnectionEnabled: false, pageLoadStrategy: normal, platform: WINDOWS, platformName: WINDOWS, proxy: Proxy(), setWindowRect: true, strictFileInteractability: false, timeouts: {implicit: 0, pageLoad: 300000, script: 30000}, unhandledPromptBehavior: dismiss and notify}
Session ID: f72fdda1e2105f4606befc28266be52f
*** Element info: {Using=xpath, value=//span[contains(text(),&amp;apos;Create question&amp;apos;)]}">
      <![CDATA[org.openqa.selenium.NoSuchElementException: no such element: Unable to locate element: {"method":"xpath","selector":"//span[contains(text(),'Create question')]"}
  (Session info: chrome=79.0.3945.130)
For documentation on this error, please visit: https://www.seleniumhq.org/exceptions/no_such_element.html
Build info: version: '3.141.59', revision: 'e82be7d358', time: '2018-11-14T08:17:03'
System info: host: 'DESKTOP-0VB4MT4', ip: '10.11.2.212', os.name: 'Windows 10', os.arch: 'amd64', os.version: '10.0', java.version: '1.8.0_231'
Driver info: org.openqa.selenium.chrome.ChromeDriver
Capabilities {acceptInsecureCerts: false, browserName: chrome, browserVersion: 79.0.3945.130, chrome: {chromedriverVersion: 79.0.3945.36 (3582db32b3389..., userDataDir: C:\Users\ADITYA~1\AppData\L...}, goog:chromeOptions: {debuggerAddress: localhost:64895}, javascriptEnabled: true, networkConnectionEnabled: false, pageLoadStrategy: normal, platform: WINDOWS, platformName: WINDOWS, proxy: Proxy(), setWindowRect: true, strictFileInteractability: false, timeouts: {implicit: 0, pageLoad: 300000, script: 30000}, unhandledPromptBehavior: dismiss and notify}
Session ID: f72fdda1e2105f4606befc28266be52f
*** Element info: {Using=xpath, value=//span[contains(text(),'Create question')]}
at org.openqa.selenium.remote.http.W3CHttpResponseCodec.createException(W3CHttpResponseCodec.java:187)
at org.openqa.selenium.remote.http.W3CHttpResponseCodec.decode(W3CHttpResponseCodec.java:122)
at org.openqa.selenium.remote.http.W3CHttpResponseCodec.decode(W3CHttpResponseCodec.java:49)
at org.openqa.selenium.remote.HttpCommandExecutor.execute(HttpCommandExecutor.java:158)
at org.openqa.selenium.remote.service.DriverCommandExecutor.execute(DriverCommandExecutor.java:83)
at org.openqa.selenium.remote.RemoteWebDriver.execute(RemoteWebDriver.java:552)
at org.openqa.selenium.remote.RemoteWebDriver.findElement(RemoteWebDriver.java:323)
at org.openqa.selenium.remote.RemoteWebDriver.findElementByXPath(RemoteWebDriver.java:428)
at org.openqa.selenium.By$ByXPath.findElement(By.java:353)
at org.openqa.selenium.remote.RemoteWebDriver.findElement(RemoteWebDriver.java:315)
at com.kh.IRA.PageHelper.CreateMCQhelper.createQuestion(CreateMCQhelper.java:28)
at com.kh.IRA.CMS_QuestionBank.TC3_CreateMCQ.newMCQ(TC3_CreateMCQ.java:13)
at java.util.ArrayList.forEach(ArrayList.java:1257)
... Removed 31 stack frames]]>
    </failure>
  </testcase> <!-- newMCQ -->
</testsuite> <!-- Test -->
